<?xml version="1.0" encoding="UTF-8"?>
<!-- Generated by org.testng.reporters.JUnitReportReporter -->
<testsuite hostname="Amit" failures="0" tests="2" name="Selenium.Topic17_TestNGAnnotationsTypesOfAssertions.day43.AllAnnotations" time="0.009" errors="0" timestamp="2025-05-31T17:40:41 IST" skipped="0">
  <testcase classname="Selenium.Topic17_TestNGAnnotationsTypesOfAssertions.day43.AllAnnotations" name="tm1" time="0.005"/>
  <testcase classname="Selenium.Topic17_TestNGAnnotationsTypesOfAssertions.day43.AllAnnotations" name="tm2" time="0.004"/>
</testsuite> <!-- Selenium.Topic17_TestNGAnnotationsTypesOfAssertions.day43.AllAnnotations -->
