<?xml version="1.0" encoding="UTF-8"?>
<!-- Generated by org.testng.reporters.JUnitReportReporter -->
<testsuite hostname="Amit" failures="0" tests="2" name="Selenium.Topic17_TestNGAnnotationsTypesOfAssertions.AnnotationDemo1" time="0.017" errors="0" timestamp="2025-05-30T23:20:47 IST" skipped="0">
  <testcase classname="Selenium.Topic17_TestNGAnnotationsTypesOfAssertions.AnnotationDemo1" name="search" time="0.016"/>
  <testcase classname="Selenium.Topic17_TestNGAnnotationsTypesOfAssertions.AnnotationDemo1" name="advanceSearch" time="0.001"/>
</testsuite> <!-- Selenium.Topic17_TestNGAnnotationsTypesOfAssertions.AnnotationDemo1 -->
