<?xml version="1.0" encoding="UTF-8"?>
<!-- Generated by org.testng.reporters.JUnitReportReporter -->
<testsuite hostname="Amit" failures="0" tests="3" name="Selenium.Topic18_DependencyMethodGroupingTests.LoginTest" time="0.009" errors="0" timestamp="2025-05-31T23:30:52 IST" skipped="0">
  <testcase classname="Selenium.Topic18_DependencyMethodGroupingTests.LoginTest" name="loginByEmail" time="0.009"/>
  <testcase classname="Selenium.Topic18_DependencyMethodGroupingTests.LoginTest" name="loginByFacebook" time="0.000"/>
  <testcase classname="Selenium.Topic18_DependencyMethodGroupingTests.LoginTest" name="loginByTwitter" time="0.000"/>
</testsuite> <!-- Selenium.Topic18_DependencyMethodGroupingTests.LoginTest -->
