<?xml version="1.0" encoding="UTF-8"?>
<!-- Generated by org.testng.reporters.JUnitReportReporter -->
<testsuite hostname="Amit" failures="0" tests="2" name="Selenium.Topic18_DependencyMethodGroupingTests.PaymentTest" time="0.002" errors="0" timestamp="2025-05-31T23:29:14 IST" skipped="0">
  <testcase classname="Selenium.Topic18_DependencyMethodGroupingTests.PaymentTest" name="paymentInRupees" time="0.001"/>
  <testcase classname="Selenium.Topic18_DependencyMethodGroupingTests.PaymentTest" name="paymentInDollars" time="0.001"/>
</testsuite> <!-- Selenium.Topic18_DependencyMethodGroupingTests.PaymentTest -->
