<?xml version="1.0" encoding="UTF-8"?>
<!-- Generated by org.testng.reporters.JUnitReportReporter -->
<testsuite hostname="Amit" failures="0" tests="2" name="Selenium.Topic17_TestNGAnnotationsTypesOfAssertions.day43.C1" time="0.004" errors="0" timestamp="2025-05-31T17:34:29 IST" skipped="0">
  <testcase classname="Selenium.Topic17_TestNGAnnotationsTypesOfAssertions.day43.C1" name="abc" time="0.001"/>
  <testcase classname="Selenium.Topic17_TestNGAnnotationsTypesOfAssertions.day43.C1" name="abc" time="0.003"/>
</testsuite> <!-- Selenium.Topic17_TestNGAnnotationsTypesOfAssertions.day43.C1 -->
