<?xml version="1.0" encoding="UTF-8"?>
<!-- Generated by org.testng.reporters.JUnitReportReporter -->
<testsuite hostname="Amit" failures="0" tests="9" name="Selenium.Topic19_TestNGDataProvidersAndParallelTesting.paramTest" time="1.911" errors="0" timestamp="2025-06-01T14:52:09 IST" skipped="0">
  <testcase classname="Selenium.Topic19_TestNGDataProvidersAndParallelTesting.paramTest" name="testLogo" time="0.725"/>
  <testcase classname="Selenium.Topic19_TestNGDataProvidersAndParallelTesting.paramTest" name="testLogo" time="0.563"/>
  <testcase classname="Selenium.Topic19_TestNGDataProvidersAndParallelTesting.paramTest" name="testLogo" time="0.569"/>
  <testcase classname="Selenium.Topic19_TestNGDataProvidersAndParallelTesting.paramTest" name="testTitle" time="0.010"/>
  <testcase classname="Selenium.Topic19_TestNGDataProvidersAndParallelTesting.paramTest" name="testTitle" time="0.004"/>
  <testcase classname="Selenium.Topic19_TestNGDataProvidersAndParallelTesting.paramTest" name="testTitle" time="0.016"/>
  <testcase classname="Selenium.Topic19_TestNGDataProvidersAndParallelTesting.paramTest" name="testURL" time="0.004"/>
  <testcase classname="Selenium.Topic19_TestNGDataProvidersAndParallelTesting.paramTest" name="testURL" time="0.012"/>
  <testcase classname="Selenium.Topic19_TestNGDataProvidersAndParallelTesting.paramTest" name="testURL" time="0.008"/>
</testsuite> <!-- Selenium.Topic19_TestNGDataProvidersAndParallelTesting.paramTest -->
