<?xml version="1.0" encoding="UTF-8"?>
<!-- Generated by org.testng.reporters.JUnitReportReporter -->
<testsuite hostname="Amit" failures="0" tests="3" name="Selenium.Topic18_TestNGDependencyMethodGroupingTests.SignUpTest" time="0.003" errors="0" timestamp="2025-05-31T23:30:52 IST" skipped="0">
  <testcase classname="Selenium.Topic18_TestNGDependencyMethodGroupingTests.SignUpTest" name="SignupByFacebook" time="0.001"/>
  <testcase classname="Selenium.Topic18_TestNGDependencyMethodGroupingTests.SignUpTest" name="SignupByTwitter" time="0.001"/>
  <testcase classname="Selenium.Topic18_TestNGDependencyMethodGroupingTests.SignUpTest" name="SignupByEmail" time="0.001"/>
</testsuite> <!-- Selenium.Topic18_TestNGDependencyMethodGroupingTests.SignUpTest -->
