<?xml version="1.0" encoding="UTF-8"?>
<!-- Generated by org.testng.reporters.JUnitReportReporter -->
<testsuite hostname="Amit" failures="0" tests="1" name="Selenium.Topic21_TestNGPageObjectModePattern.LoginTest" time="2.690" errors="0" timestamp="2025-06-02T23:46:39 IST" skipped="0">
  <testcase classname="Selenium.Topic21_TestNGPageObjectModePattern.LoginTest" name="testLogin" time="2.690"/>
</testsuite> <!-- Selenium.Topic21_TestNGPageObjectModePattern.LoginTest -->
